c:\users\andrew\documents\visual studio 2013\projects\pongclone\pongclone\debug\vc120.pdb
c:\users\andrew\documents\visual studio 2013\projects\pongclone\pongclone\debug\vc120.idb
c:\users\andrew\documents\visual studio 2013\projects\pongclone\pongclone\debug\game.obj
c:\users\andrew\documents\visual studio 2013\projects\pongclone\pongclone\debug\inputs.obj
c:\users\andrew\documents\visual studio 2013\projects\pongclone\pongclone\debug\main.obj
c:\users\andrew\documents\visual studio 2013\projects\pongclone\pongclone\debug\events.obj
c:\users\andrew\documents\visual studio 2013\projects\pongclone\pongclone\debug\render.obj
c:\users\andrew\documents\visual studio 2013\projects\pongclone\pongclone\debug\paddle.obj
c:\users\andrew\documents\visual studio 2013\projects\pongclone\debug\pongclone.ilk
c:\users\andrew\documents\visual studio 2013\projects\pongclone\debug\pongclone.exe
c:\users\andrew\documents\visual studio 2013\projects\pongclone\debug\pongclone.pdb
c:\users\andrew\documents\visual studio 2013\projects\pongclone\pongclone\debug\pongclone.tlog\cl.command.1.tlog
c:\users\andrew\documents\visual studio 2013\projects\pongclone\pongclone\debug\pongclone.tlog\cl.read.1.tlog
c:\users\andrew\documents\visual studio 2013\projects\pongclone\pongclone\debug\pongclone.tlog\cl.write.1.tlog
c:\users\andrew\documents\visual studio 2013\projects\pongclone\pongclone\debug\pongclone.tlog\link-cvtres.read.1.tlog
c:\users\andrew\documents\visual studio 2013\projects\pongclone\pongclone\debug\pongclone.tlog\link-cvtres.write.1.tlog
c:\users\andrew\documents\visual studio 2013\projects\pongclone\pongclone\debug\pongclone.tlog\link-rc.read.1.tlog
c:\users\andrew\documents\visual studio 2013\projects\pongclone\pongclone\debug\pongclone.tlog\link-rc.write.1.tlog
c:\users\andrew\documents\visual studio 2013\projects\pongclone\pongclone\debug\pongclone.tlog\link.9904-cvtres.read.1.tlog
c:\users\andrew\documents\visual studio 2013\projects\pongclone\pongclone\debug\pongclone.tlog\link.9904-cvtres.write.1.tlog
c:\users\andrew\documents\visual studio 2013\projects\pongclone\pongclone\debug\pongclone.tlog\link.9904-rc.read.1.tlog
c:\users\andrew\documents\visual studio 2013\projects\pongclone\pongclone\debug\pongclone.tlog\link.9904-rc.write.1.tlog
c:\users\andrew\documents\visual studio 2013\projects\pongclone\pongclone\debug\pongclone.tlog\link.9904.read.1.tlog
c:\users\andrew\documents\visual studio 2013\projects\pongclone\pongclone\debug\pongclone.tlog\link.9904.write.1.tlog
c:\users\andrew\documents\visual studio 2013\projects\pongclone\pongclone\debug\pongclone.tlog\link.command.1.tlog
c:\users\andrew\documents\visual studio 2013\projects\pongclone\pongclone\debug\pongclone.tlog\link.read.1.tlog
c:\users\andrew\documents\visual studio 2013\projects\pongclone\pongclone\debug\pongclone.tlog\link.write.1.tlog
